<?xml version="1.0" encoding="UTF-8"?>
<!-- Generated by org.testng.reporters.JUnitReportReporter -->
<testsuite skipped="0" hostname="Lenovo" name="com.automtionbasics.web.Amazonlaunch" tests="1" failures="0" timestamp="24 Mar 2019 06:05:20 GMT" time="20.154" errors="0">
  <testcase name="applaunch" time="20.154" classname="com.automtionbasics.web.Amazonlaunch"/>
</testsuite> <!-- com.automtionbasics.web.Amazonlaunch -->
